{"D:\\Github\\snapka\\packages\\puppeteer\\src\\core.ts": {"path":"D:\\Github\\snapka\\packages\\puppeteer\\src\\core.ts","statementMap":{"0":{"start":{"line":37,"column":38},"end":{"line":37,"column":null}},"1":{"start":{"line":46,"column":44},"end":{"line":46,"column":null}},"2":{"start":{"line":55,"column":54},"end":{"line":55,"column":null}},"3":{"start":{"line":108,"column":4},"end":{"line":108,"column":null}},"4":{"start":{"line":109,"column":4},"end":{"line":109,"column":null}},"5":{"start":{"line":110,"column":4},"end":{"line":110,"column":null}},"6":{"start":{"line":111,"column":4},"end":{"line":111,"column":null}},"7":{"start":{"line":112,"column":4},"end":{"line":112,"column":null}},"8":{"start":{"line":113,"column":4},"end":{"line":113,"column":null}},"9":{"start":{"line":114,"column":4},"end":{"line":114,"column":null}},"10":{"start":{"line":116,"column":4},"end":{"line":118,"column":null}},"11":{"start":{"line":117,"column":6},"end":{"line":117,"column":null}},"12":{"start":{"line":126,"column":4},"end":{"line":126,"column":null}},"13":{"start":{"line":135,"column":4},"end":{"line":135,"column":null}},"14":{"start":{"line":135,"column":35},"end":{"line":135,"column":null}},"15":{"start":{"line":136,"column":4},"end":{"line":136,"column":null}},"16":{"start":{"line":144,"column":4},"end":{"line":144,"column":null}},"17":{"start":{"line":145,"column":4},"end":{"line":145,"column":null}},"18":{"start":{"line":146,"column":4},"end":{"line":146,"column":null}},"19":{"start":{"line":147,"column":23},"end":{"line":147,"column":null}},"20":{"start":{"line":148,"column":4},"end":{"line":148,"column":null}},"21":{"start":{"line":150,"column":4},"end":{"line":152,"column":null}},"22":{"start":{"line":151,"column":6},"end":{"line":151,"column":null}},"23":{"start":{"line":159,"column":4},"end":{"line":159,"column":null}},"24":{"start":{"line":160,"column":4},"end":{"line":160,"column":null}},"25":{"start":{"line":161,"column":4},"end":{"line":161,"column":null}},"26":{"start":{"line":172,"column":10},"end":{"line":172,"column":null}},"27":{"start":{"line":174,"column":4},"end":{"line":198,"column":null}},"28":{"start":{"line":175,"column":32},"end":{"line":175,"column":null}},"29":{"start":{"line":177,"column":18},"end":{"line":195,"column":null}},"30":{"start":{"line":178,"column":34},"end":{"line":187,"column":null}},"31":{"start":{"line":179,"column":10},"end":{"line":179,"column":null}},"32":{"start":{"line":180,"column":10},"end":{"line":180,"column":null}},"33":{"start":{"line":182,"column":23},"end":{"line":184,"column":null}},"34":{"start":{"line":186,"column":10},"end":{"line":186,"column":null}},"35":{"start":{"line":189,"column":8},"end":{"line":194,"column":null}},"36":{"start":{"line":190,"column":23},"end":{"line":190,"column":null}},"37":{"start":{"line":191,"column":10},"end":{"line":191,"column":null}},"38":{"start":{"line":193,"column":10},"end":{"line":193,"column":null}},"39":{"start":{"line":197,"column":6},"end":{"line":197,"column":null}},"40":{"start":{"line":209,"column":10},"end":{"line":209,"column":null}},"41":{"start":{"line":211,"column":4},"end":{"line":235,"column":null}},"42":{"start":{"line":212,"column":32},"end":{"line":212,"column":null}},"43":{"start":{"line":214,"column":18},"end":{"line":232,"column":null}},"44":{"start":{"line":215,"column":34},"end":{"line":224,"column":null}},"45":{"start":{"line":216,"column":10},"end":{"line":216,"column":null}},"46":{"start":{"line":217,"column":10},"end":{"line":217,"column":null}},"47":{"start":{"line":219,"column":26},"end":{"line":219,"column":null}},"48":{"start":{"line":220,"column":10},"end":{"line":220,"column":null}},"49":{"start":{"line":220,"column":24},"end":{"line":220,"column":null}},"50":{"start":{"line":222,"column":23},"end":{"line":222,"column":null}},"51":{"start":{"line":223,"column":10},"end":{"line":223,"column":null}},"52":{"start":{"line":226,"column":8},"end":{"line":231,"column":null}},"53":{"start":{"line":227,"column":23},"end":{"line":227,"column":null}},"54":{"start":{"line":228,"column":10},"end":{"line":228,"column":null}},"55":{"start":{"line":230,"column":10},"end":{"line":230,"column":null}},"56":{"start":{"line":234,"column":6},"end":{"line":234,"column":null}},"57":{"start":{"line":252,"column":4},"end":{"line":263,"column":null}},"58":{"start":{"line":252,"column":23},"end":{"line":252,"column":26}},"59":{"start":{"line":253,"column":6},"end":{"line":262,"column":null}},"60":{"start":{"line":254,"column":8},"end":{"line":254,"column":null}},"61":{"start":{"line":256,"column":8},"end":{"line":256,"column":null}},"62":{"start":{"line":257,"column":8},"end":{"line":261,"column":null}},"63":{"start":{"line":258,"column":10},"end":{"line":258,"column":null}},"64":{"start":{"line":260,"column":10},"end":{"line":260,"column":null}},"65":{"start":{"line":260,"column":39},"end":{"line":260,"column":107}},"66":{"start":{"line":265,"column":4},"end":{"line":265,"column":null}},"67":{"start":{"line":274,"column":70},"end":{"line":277,"column":null}},"68":{"start":{"line":278,"column":4},"end":{"line":278,"column":null}},"69":{"start":{"line":285,"column":4},"end":{"line":285,"column":null}},"70":{"start":{"line":293,"column":4},"end":{"line":293,"column":null}},"71":{"start":{"line":293,"column":44},"end":{"line":293,"column":67}},"72":{"start":{"line":300,"column":4},"end":{"line":303,"column":null}},"73":{"start":{"line":301,"column":6},"end":{"line":301,"column":null}},"74":{"start":{"line":302,"column":6},"end":{"line":302,"column":null}},"75":{"start":{"line":310,"column":16},"end":{"line":310,"column":null}},"76":{"start":{"line":311,"column":25},"end":{"line":314,"column":null}},"77":{"start":{"line":312,"column":23},"end":{"line":312,"column":null}},"78":{"start":{"line":313,"column":6},"end":{"line":313,"column":null}},"79":{"start":{"line":316,"column":4},"end":{"line":321,"column":null}},"80":{"start":{"line":317,"column":20},"end":{"line":317,"column":null}},"81":{"start":{"line":318,"column":6},"end":{"line":318,"column":null}},"82":{"start":{"line":318,"column":22},"end":{"line":318,"column":null}},"83":{"start":{"line":319,"column":6},"end":{"line":319,"column":null}},"84":{"start":{"line":320,"column":6},"end":{"line":320,"column":null}},"85":{"start":{"line":328,"column":21},"end":{"line":328,"column":null}},"86":{"start":{"line":329,"column":4},"end":{"line":329,"column":null}},"87":{"start":{"line":329,"column":43},"end":{"line":329,"column":72}},"88":{"start":{"line":330,"column":4},"end":{"line":330,"column":null}},"89":{"start":{"line":331,"column":4},"end":{"line":331,"column":null}},"90":{"start":{"line":332,"column":4},"end":{"line":332,"column":null}},"91":{"start":{"line":339,"column":17},"end":{"line":339,"column":null}},"92":{"start":{"line":340,"column":4},"end":{"line":344,"column":null}},"93":{"start":{"line":341,"column":6},"end":{"line":341,"column":null}},"94":{"start":{"line":342,"column":6},"end":{"line":342,"column":null}},"95":{"start":{"line":343,"column":6},"end":{"line":343,"column":null}},"96":{"start":{"line":346,"column":20},"end":{"line":346,"column":null}},"97":{"start":{"line":347,"column":4},"end":{"line":347,"column":null}},"98":{"start":{"line":348,"column":4},"end":{"line":348,"column":null}},"99":{"start":{"line":356,"column":4},"end":{"line":356,"column":null}},"100":{"start":{"line":358,"column":4},"end":{"line":361,"column":null}},"101":{"start":{"line":359,"column":6},"end":{"line":359,"column":null}},"102":{"start":{"line":360,"column":6},"end":{"line":360,"column":null}},"103":{"start":{"line":363,"column":4},"end":{"line":363,"column":null}},"104":{"start":{"line":371,"column":4},"end":{"line":374,"column":null}},"105":{"start":{"line":372,"column":6},"end":{"line":372,"column":null}},"106":{"start":{"line":373,"column":6},"end":{"line":373,"column":null}},"107":{"start":{"line":376,"column":4},"end":{"line":382,"column":null}},"108":{"start":{"line":377,"column":6},"end":{"line":377,"column":null}},"109":{"start":{"line":378,"column":6},"end":{"line":378,"column":null}},"110":{"start":{"line":379,"column":6},"end":{"line":379,"column":null}},"111":{"start":{"line":381,"column":6},"end":{"line":381,"column":null}},"112":{"start":{"line":395,"column":4},"end":{"line":395,"column":null}},"113":{"start":{"line":408,"column":20},"end":{"line":408,"column":null}},"114":{"start":{"line":409,"column":4},"end":{"line":409,"column":null}},"115":{"start":{"line":409,"column":18},"end":{"line":409,"column":null}},"116":{"start":{"line":410,"column":4},"end":{"line":410,"column":null}},"117":{"start":{"line":423,"column":16},"end":{"line":423,"column":null}},"118":{"start":{"line":424,"column":4},"end":{"line":424,"column":null}},"119":{"start":{"line":424,"column":14},"end":{"line":424,"column":null}},"120":{"start":{"line":426,"column":65},"end":{"line":426,"column":null}},"121":{"start":{"line":427,"column":27},"end":{"line":427,"column":null}},"122":{"start":{"line":428,"column":23},"end":{"line":428,"column":null}},"123":{"start":{"line":429,"column":42},"end":{"line":429,"column":null}},"124":{"start":{"line":431,"column":4},"end":{"line":438,"column":null}},"125":{"start":{"line":431,"column":25},"end":{"line":431,"column":28}},"126":{"start":{"line":432,"column":28},"end":{"line":432,"column":null}},"127":{"start":{"line":433,"column":18},"end":{"line":436,"column":null}},"128":{"start":{"line":437,"column":6},"end":{"line":437,"column":null}},"129":{"start":{"line":440,"column":4},"end":{"line":440,"column":null}},"130":{"start":{"line":449,"column":10},"end":{"line":449,"column":null}},"131":{"start":{"line":450,"column":4},"end":{"line":453,"column":null}},"132":{"start":{"line":462,"column":19},"end":{"line":462,"column":null}},"133":{"start":{"line":462,"column":54},"end":{"line":462,"column":58}},"134":{"start":{"line":463,"column":4},"end":{"line":463,"column":null}},"135":{"start":{"line":479,"column":4},"end":{"line":479,"column":null}},"136":{"start":{"line":479,"column":31},"end":{"line":479,"column":63}},"137":{"start":{"line":486,"column":4},"end":{"line":486,"column":null}},"138":{"start":{"line":486,"column":50},"end":{"line":486,"column":null}},"139":{"start":{"line":487,"column":4},"end":{"line":492,"column":null}},"140":{"start":{"line":489,"column":12},"end":{"line":489,"column":null}},"141":{"start":{"line":499,"column":4},"end":{"line":504,"column":null}},"142":{"start":{"line":501,"column":12},"end":{"line":501,"column":null}},"143":{"start":{"line":511,"column":4},"end":{"line":516,"column":null}},"144":{"start":{"line":513,"column":12},"end":{"line":513,"column":null}},"145":{"start":{"line":523,"column":4},"end":{"line":528,"column":null}},"146":{"start":{"line":525,"column":12},"end":{"line":525,"column":null}},"147":{"start":{"line":538,"column":22},"end":{"line":538,"column":null}},"148":{"start":{"line":538,"column":82},"end":{"line":538,"column":103}},"149":{"start":{"line":540,"column":4},"end":{"line":543,"column":null}},"150":{"start":{"line":541,"column":22},"end":{"line":541,"column":null}},"151":{"start":{"line":542,"column":6},"end":{"line":542,"column":null}},"152":{"start":{"line":542,"column":19},"end":{"line":542,"column":null}},"153":{"start":{"line":545,"column":4},"end":{"line":545,"column":null}},"154":{"start":{"line":557,"column":4},"end":{"line":559,"column":null}},"155":{"start":{"line":558,"column":6},"end":{"line":558,"column":null}},"156":{"start":{"line":561,"column":17},"end":{"line":561,"column":null}},"157":{"start":{"line":563,"column":4},"end":{"line":565,"column":null}},"158":{"start":{"line":564,"column":6},"end":{"line":564,"column":null}},"159":{"start":{"line":567,"column":27},"end":{"line":567,"column":null}},"160":{"start":{"line":568,"column":4},"end":{"line":568,"column":null}},"161":{"start":{"line":570,"column":4},"end":{"line":570,"column":null}},"162":{"start":{"line":584,"column":20},"end":{"line":589,"column":null}},"163":{"start":{"line":585,"column":51},"end":{"line":585,"column":89}},"164":{"start":{"line":586,"column":51},"end":{"line":586,"column":89}},"165":{"start":{"line":587,"column":50},"end":{"line":587,"column":87}},"166":{"start":{"line":588,"column":51},"end":{"line":588,"column":89}},"167":{"start":{"line":591,"column":4},"end":{"line":591,"column":null}},"168":{"start":{"line":602,"column":4},"end":{"line":602,"column":null}},"169":{"start":{"line":617,"column":18},"end":{"line":617,"column":null}},"170":{"start":{"line":618,"column":23},"end":{"line":618,"column":null}},"171":{"start":{"line":619,"column":20},"end":{"line":619,"column":null}},"172":{"start":{"line":621,"column":4},"end":{"line":624,"column":null}}},"fnMap":{"0":{"name":"(anonymous_0)","decl":{"start":{"line":103,"column":2},"end":{"line":103,"column":null}},"loc":{"start":{"line":107,"column":4},"end":{"line":119,"column":null}},"line":107},"1":{"name":"(anonymous_1)","decl":{"start":{"line":125,"column":6},"end":{"line":125,"column":24}},"loc":{"start":{"line":125,"column":24},"end":{"line":127,"column":null}},"line":125},"2":{"name":"(anonymous_2)","decl":{"start":{"line":134,"column":2},"end":{"line":134,"column":35}},"loc":{"start":{"line":134,"column":35},"end":{"line":137,"column":null}},"line":134},"3":{"name":"(anonymous_3)","decl":{"start":{"line":143,"column":8},"end":{"line":143,"column":34}},"loc":{"start":{"line":143,"column":34},"end":{"line":153,"column":null}},"line":143},"4":{"name":"(anonymous_4)","decl":{"start":{"line":146,"column":37},"end":{"line":146,"column":43}},"loc":{"start":{"line":146,"column":43},"end":{"line":146,"column":46}},"line":146},"5":{"name":"(anonymous_5)","decl":{"start":{"line":158,"column":8},"end":{"line":158,"column":32}},"loc":{"start":{"line":158,"column":32},"end":{"line":162,"column":null}},"line":158},"6":{"name":"(anonymous_6)","decl":{"start":{"line":169,"column":8},"end":{"line":169,"column":null}},"loc":{"start":{"line":171,"column":91},"end":{"line":199,"column":null}},"line":171},"7":{"name":"(anonymous_7)","decl":{"start":{"line":174,"column":22},"end":{"line":174,"column":34}},"loc":{"start":{"line":174,"column":34},"end":{"line":198,"column":5}},"line":174},"8":{"name":"(anonymous_8)","decl":{"start":{"line":177,"column":18},"end":{"line":177,"column":30}},"loc":{"start":{"line":177,"column":30},"end":{"line":195,"column":null}},"line":177},"9":{"name":"(anonymous_9)","decl":{"start":{"line":178,"column":34},"end":{"line":178,"column":46}},"loc":{"start":{"line":178,"column":46},"end":{"line":187,"column":null}},"line":178},"10":{"name":"(anonymous_10)","decl":{"start":{"line":206,"column":8},"end":{"line":206,"column":null}},"loc":{"start":{"line":208,"column":95},"end":{"line":236,"column":null}},"line":208},"11":{"name":"(anonymous_11)","decl":{"start":{"line":211,"column":22},"end":{"line":211,"column":34}},"loc":{"start":{"line":211,"column":34},"end":{"line":235,"column":5}},"line":211},"12":{"name":"(anonymous_12)","decl":{"start":{"line":214,"column":18},"end":{"line":214,"column":30}},"loc":{"start":{"line":214,"column":30},"end":{"line":232,"column":null}},"line":214},"13":{"name":"(anonymous_13)","decl":{"start":{"line":215,"column":34},"end":{"line":215,"column":46}},"loc":{"start":{"line":215,"column":46},"end":{"line":224,"column":null}},"line":215},"14":{"name":"(anonymous_14)","decl":{"start":{"line":245,"column":16},"end":{"line":245,"column":null}},"loc":{"start":{"line":249,"column":16},"end":{"line":266,"column":null}},"line":249},"15":{"name":"(anonymous_15)","decl":{"start":{"line":260,"column":28},"end":{"line":260,"column":39}},"loc":{"start":{"line":260,"column":39},"end":{"line":260,"column":107}},"line":260},"16":{"name":"(anonymous_16)","decl":{"start":{"line":273,"column":10},"end":{"line":273,"column":28}},"loc":{"start":{"line":273,"column":77},"end":{"line":279,"column":null}},"line":273},"17":{"name":"(anonymous_17)","decl":{"start":{"line":284,"column":10},"end":{"line":284,"column":43}},"loc":{"start":{"line":284,"column":43},"end":{"line":286,"column":null}},"line":284},"18":{"name":"(anonymous_18)","decl":{"start":{"line":292,"column":10},"end":{"line":292,"column":34}},"loc":{"start":{"line":292,"column":34},"end":{"line":294,"column":null}},"line":292},"19":{"name":"(anonymous_19)","decl":{"start":{"line":293,"column":38},"end":{"line":293,"column":44}},"loc":{"start":{"line":293,"column":44},"end":{"line":293,"column":67}},"line":293},"20":{"name":"(anonymous_20)","decl":{"start":{"line":299,"column":10},"end":{"line":299,"column":33}},"loc":{"start":{"line":299,"column":33},"end":{"line":304,"column":null}},"line":299},"21":{"name":"(anonymous_21)","decl":{"start":{"line":309,"column":16},"end":{"line":309,"column":49}},"loc":{"start":{"line":309,"column":49},"end":{"line":322,"column":null}},"line":309},"22":{"name":"(anonymous_22)","decl":{"start":{"line":311,"column":46},"end":{"line":311,"column":54}},"loc":{"start":{"line":311,"column":54},"end":{"line":314,"column":5}},"line":311},"23":{"name":"(anonymous_23)","decl":{"start":{"line":320,"column":31},"end":{"line":320,"column":37}},"loc":{"start":{"line":320,"column":37},"end":{"line":320,"column":40}},"line":320},"24":{"name":"(anonymous_24)","decl":{"start":{"line":327,"column":16},"end":{"line":327,"column":48}},"loc":{"start":{"line":327,"column":48},"end":{"line":333,"column":null}},"line":327},"25":{"name":"(anonymous_25)","decl":{"start":{"line":329,"column":35},"end":{"line":329,"column":43}},"loc":{"start":{"line":329,"column":43},"end":{"line":329,"column":72}},"line":329},"26":{"name":"(anonymous_26)","decl":{"start":{"line":329,"column":62},"end":{"line":329,"column":68}},"loc":{"start":{"line":329,"column":68},"end":{"line":329,"column":71}},"line":329},"27":{"name":"(anonymous_27)","decl":{"start":{"line":338,"column":16},"end":{"line":338,"column":46}},"loc":{"start":{"line":338,"column":46},"end":{"line":349,"column":null}},"line":338},"28":{"name":"(anonymous_28)","decl":{"start":{"line":355,"column":16},"end":{"line":355,"column":29}},"loc":{"start":{"line":355,"column":56},"end":{"line":364,"column":null}},"line":355},"29":{"name":"(anonymous_29)","decl":{"start":{"line":359,"column":31},"end":{"line":359,"column":37}},"loc":{"start":{"line":359,"column":37},"end":{"line":359,"column":40}},"line":359},"30":{"name":"(anonymous_30)","decl":{"start":{"line":370,"column":16},"end":{"line":370,"column":34}},"loc":{"start":{"line":370,"column":61},"end":{"line":383,"column":null}},"line":370},"31":{"name":"(anonymous_31)","decl":{"start":{"line":372,"column":31},"end":{"line":372,"column":37}},"loc":{"start":{"line":372,"column":37},"end":{"line":372,"column":40}},"line":372},"32":{"name":"(anonymous_32)","decl":{"start":{"line":381,"column":31},"end":{"line":381,"column":37}},"loc":{"start":{"line":381,"column":37},"end":{"line":381,"column":40}},"line":381},"33":{"name":"(anonymous_33)","decl":{"start":{"line":391,"column":16},"end":{"line":391,"column":null}},"loc":{"start":{"line":394,"column":55},"end":{"line":396,"column":null}},"line":394},"34":{"name":"(anonymous_34)","decl":{"start":{"line":404,"column":16},"end":{"line":404,"column":null}},"loc":{"start":{"line":407,"column":55},"end":{"line":411,"column":null}},"line":407},"35":{"name":"(anonymous_35)","decl":{"start":{"line":419,"column":16},"end":{"line":419,"column":null}},"loc":{"start":{"line":422,"column":38},"end":{"line":441,"column":null}},"line":422},"36":{"name":"(anonymous_36)","decl":{"start":{"line":448,"column":10},"end":{"line":448,"column":29}},"loc":{"start":{"line":448,"column":94},"end":{"line":454,"column":null}},"line":448},"37":{"name":"(anonymous_37)","decl":{"start":{"line":461,"column":16},"end":{"line":461,"column":30}},"loc":{"start":{"line":461,"column":78},"end":{"line":464,"column":null}},"line":461},"38":{"name":"(anonymous_38)","decl":{"start":{"line":462,"column":48},"end":{"line":462,"column":54}},"loc":{"start":{"line":462,"column":54},"end":{"line":462,"column":58}},"line":462},"39":{"name":"(anonymous_39)","decl":{"start":{"line":473,"column":16},"end":{"line":473,"column":null}},"loc":{"start":{"line":478,"column":19},"end":{"line":480,"column":null}},"line":478},"40":{"name":"(anonymous_40)","decl":{"start":{"line":479,"column":25},"end":{"line":479,"column":31}},"loc":{"start":{"line":479,"column":31},"end":{"line":479,"column":63}},"line":479},"41":{"name":"(anonymous_41)","decl":{"start":{"line":485,"column":16},"end":{"line":485,"column":31}},"loc":{"start":{"line":485,"column":93},"end":{"line":493,"column":null}},"line":485},"42":{"name":"(anonymous_42)","decl":{"start":{"line":489,"column":6},"end":{"line":489,"column":12}},"loc":{"start":{"line":489,"column":12},"end":{"line":489,"column":null}},"line":489},"43":{"name":"(anonymous_43)","decl":{"start":{"line":498,"column":16},"end":{"line":498,"column":31}},"loc":{"start":{"line":498,"column":89},"end":{"line":505,"column":null}},"line":498},"44":{"name":"(anonymous_44)","decl":{"start":{"line":501,"column":6},"end":{"line":501,"column":12}},"loc":{"start":{"line":501,"column":12},"end":{"line":501,"column":null}},"line":501},"45":{"name":"(anonymous_45)","decl":{"start":{"line":510,"column":16},"end":{"line":510,"column":30}},"loc":{"start":{"line":510,"column":87},"end":{"line":517,"column":null}},"line":510},"46":{"name":"(anonymous_46)","decl":{"start":{"line":513,"column":6},"end":{"line":513,"column":12}},"loc":{"start":{"line":513,"column":12},"end":{"line":513,"column":null}},"line":513},"47":{"name":"(anonymous_47)","decl":{"start":{"line":522,"column":16},"end":{"line":522,"column":31}},"loc":{"start":{"line":522,"column":88},"end":{"line":529,"column":null}},"line":522},"48":{"name":"(anonymous_48)","decl":{"start":{"line":525,"column":6},"end":{"line":525,"column":12}},"loc":{"start":{"line":525,"column":12},"end":{"line":525,"column":null}},"line":525},"49":{"name":"(anonymous_49)","decl":{"start":{"line":537,"column":16},"end":{"line":537,"column":29}},"loc":{"start":{"line":537,"column":60},"end":{"line":546,"column":null}},"line":537},"50":{"name":"(anonymous_50)","decl":{"start":{"line":538,"column":62},"end":{"line":538,"column":63}},"loc":{"start":{"line":538,"column":82},"end":{"line":538,"column":103}},"line":538},"51":{"name":"(anonymous_51)","decl":{"start":{"line":554,"column":16},"end":{"line":554,"column":null}},"loc":{"start":{"line":556,"column":46},"end":{"line":571,"column":null}},"line":556},"52":{"name":"(anonymous_52)","decl":{"start":{"line":579,"column":16},"end":{"line":579,"column":null}},"loc":{"start":{"line":583,"column":19},"end":{"line":592,"column":null}},"line":583},"53":{"name":"(anonymous_53)","decl":{"start":{"line":585,"column":44},"end":{"line":585,"column":51}},"loc":{"start":{"line":585,"column":51},"end":{"line":585,"column":89}},"line":585},"54":{"name":"(anonymous_54)","decl":{"start":{"line":586,"column":44},"end":{"line":586,"column":51}},"loc":{"start":{"line":586,"column":51},"end":{"line":586,"column":89}},"line":586},"55":{"name":"(anonymous_55)","decl":{"start":{"line":587,"column":43},"end":{"line":587,"column":50}},"loc":{"start":{"line":587,"column":50},"end":{"line":587,"column":87}},"line":587},"56":{"name":"(anonymous_56)","decl":{"start":{"line":588,"column":44},"end":{"line":588,"column":51}},"loc":{"start":{"line":588,"column":51},"end":{"line":588,"column":89}},"line":588},"57":{"name":"(anonymous_57)","decl":{"start":{"line":599,"column":10},"end":{"line":599,"column":null}},"loc":{"start":{"line":601,"column":10},"end":{"line":603,"column":null}},"line":601},"58":{"name":"(anonymous_58)","decl":{"start":{"line":612,"column":10},"end":{"line":612,"column":null}},"loc":{"start":{"line":616,"column":35},"end":{"line":625,"column":null}},"line":616}},"branchMap":{"0":{"loc":{"start":{"line":111,"column":9},"end":{"line":111,"column":null}},"type":"cond-expr","locations":[{"start":{"line":111,"column":57},"end":{"line":111,"column":80}},{"start":{"line":111,"column":80},"end":{"line":111,"column":null}}],"line":111},"1":{"loc":{"start":{"line":112,"column":20},"end":{"line":112,"column":null}},"type":"binary-expr","locations":[{"start":{"line":112,"column":20},"end":{"line":112,"column":40}},{"start":{"line":112,"column":40},"end":{"line":112,"column":null}}],"line":112},"2":{"loc":{"start":{"line":113,"column":9},"end":{"line":113,"column":null}},"type":"cond-expr","locations":[{"start":{"line":113,"column":63},"end":{"line":113,"column":89}},{"start":{"line":113,"column":89},"end":{"line":113,"column":null}}],"line":113},"3":{"loc":{"start":{"line":116,"column":4},"end":{"line":118,"column":null}},"type":"if","locations":[{"start":{"line":116,"column":4},"end":{"line":118,"column":null}},{"start":{},"end":{}}],"line":116},"4":{"loc":{"start":{"line":135,"column":4},"end":{"line":135,"column":null}},"type":"if","locations":[{"start":{"line":135,"column":4},"end":{"line":135,"column":null}},{"start":{},"end":{}}],"line":135},"5":{"loc":{"start":{"line":136,"column":12},"end":{"line":136,"column":null}},"type":"binary-expr","locations":[{"start":{"line":136,"column":12},"end":{"line":136,"column":70}},{"start":{"line":136,"column":70},"end":{"line":136,"column":null}}],"line":136},"6":{"loc":{"start":{"line":150,"column":4},"end":{"line":152,"column":null}},"type":"if","locations":[{"start":{"line":150,"column":4},"end":{"line":152,"column":null}},{"start":{},"end":{}}],"line":150},"7":{"loc":{"start":{"line":182,"column":23},"end":{"line":184,"column":null}},"type":"cond-expr","locations":[{"start":{"line":183,"column":14},"end":{"line":183,"column":null}},{"start":{"line":184,"column":14},"end":{"line":184,"column":null}}],"line":182},"8":{"loc":{"start":{"line":220,"column":10},"end":{"line":220,"column":null}},"type":"if","locations":[{"start":{"line":220,"column":10},"end":{"line":220,"column":null}},{"start":{},"end":{}}],"line":220},"9":{"loc":{"start":{"line":257,"column":8},"end":{"line":261,"column":null}},"type":"if","locations":[{"start":{"line":257,"column":8},"end":{"line":261,"column":null}},{"start":{},"end":{}}],"line":257},"10":{"loc":{"start":{"line":265,"column":61},"end":{"line":265,"column":89}},"type":"binary-expr","locations":[{"start":{"line":265,"column":61},"end":{"line":265,"column":83}},{"start":{"line":265,"column":83},"end":{"line":265,"column":89}}],"line":265},"11":{"loc":{"start":{"line":278,"column":11},"end":{"line":278,"column":null}},"type":"binary-expr","locations":[{"start":{"line":278,"column":11},"end":{"line":278,"column":45}},{"start":{"line":278,"column":45},"end":{"line":278,"column":90}},{"start":{"line":278,"column":90},"end":{"line":278,"column":null}}],"line":278},"12":{"loc":{"start":{"line":285,"column":11},"end":{"line":285,"column":null}},"type":"binary-expr","locations":[{"start":{"line":285,"column":11},"end":{"line":285,"column":40}},{"start":{"line":285,"column":40},"end":{"line":285,"column":null}}],"line":285},"13":{"loc":{"start":{"line":300,"column":4},"end":{"line":303,"column":null}},"type":"if","locations":[{"start":{"line":300,"column":4},"end":{"line":303,"column":null}},{"start":{},"end":{}}],"line":300},"14":{"loc":{"start":{"line":313,"column":13},"end":{"line":313,"column":null}},"type":"binary-expr","locations":[{"start":{"line":313,"column":13},"end":{"line":313,"column":25}},{"start":{"line":313,"column":25},"end":{"line":313,"column":null}}],"line":313},"15":{"loc":{"start":{"line":318,"column":6},"end":{"line":318,"column":null}},"type":"if","locations":[{"start":{"line":318,"column":6},"end":{"line":318,"column":null}},{"start":{},"end":{}}],"line":318},"16":{"loc":{"start":{"line":340,"column":4},"end":{"line":344,"column":null}},"type":"if","locations":[{"start":{"line":340,"column":4},"end":{"line":344,"column":null}},{"start":{},"end":{}}],"line":340},"17":{"loc":{"start":{"line":358,"column":4},"end":{"line":361,"column":null}},"type":"if","locations":[{"start":{"line":358,"column":4},"end":{"line":361,"column":null}},{"start":{},"end":{}}],"line":358},"18":{"loc":{"start":{"line":371,"column":4},"end":{"line":374,"column":null}},"type":"if","locations":[{"start":{"line":371,"column":4},"end":{"line":374,"column":null}},{"start":{},"end":{}}],"line":371},"19":{"loc":{"start":{"line":409,"column":4},"end":{"line":409,"column":null}},"type":"if","locations":[{"start":{"line":409,"column":4},"end":{"line":409,"column":null}},{"start":{},"end":{}}],"line":409},"20":{"loc":{"start":{"line":424,"column":4},"end":{"line":424,"column":null}},"type":"if","locations":[{"start":{"line":424,"column":4},"end":{"line":424,"column":null}},{"start":{},"end":{}}],"line":424},"21":{"loc":{"start":{"line":426,"column":19},"end":{"line":426,"column":36}},"type":"default-arg","locations":[{"start":{"line":426,"column":30},"end":{"line":426,"column":36}}],"line":426},"22":{"loc":{"start":{"line":426,"column":44},"end":{"line":426,"column":61}},"type":"default-arg","locations":[{"start":{"line":426,"column":56},"end":{"line":426,"column":61}}],"line":426},"23":{"loc":{"start":{"line":449,"column":10},"end":{"line":449,"column":null}},"type":"cond-expr","locations":[{"start":{"line":449,"column":56},"end":{"line":449,"column":82}},{"start":{"line":449,"column":82},"end":{"line":449,"column":null}}],"line":449},"24":{"loc":{"start":{"line":451,"column":15},"end":{"line":451,"column":null}},"type":"cond-expr","locations":[{"start":{"line":451,"column":29},"end":{"line":451,"column":39}},{"start":{"line":451,"column":39},"end":{"line":451,"column":null}}],"line":451},"25":{"loc":{"start":{"line":486,"column":4},"end":{"line":486,"column":null}},"type":"if","locations":[{"start":{"line":486,"column":4},"end":{"line":486,"column":null}},{"start":{},"end":{}}],"line":486},"26":{"loc":{"start":{"line":542,"column":6},"end":{"line":542,"column":null}},"type":"if","locations":[{"start":{"line":542,"column":6},"end":{"line":542,"column":null}},{"start":{},"end":{}}],"line":542},"27":{"loc":{"start":{"line":557,"column":4},"end":{"line":559,"column":null}},"type":"if","locations":[{"start":{"line":557,"column":4},"end":{"line":559,"column":null}},{"start":{},"end":{}}],"line":557},"28":{"loc":{"start":{"line":557,"column":8},"end":{"line":557,"column":59}},"type":"binary-expr","locations":[{"start":{"line":557,"column":8},"end":{"line":557,"column":25}},{"start":{"line":557,"column":25},"end":{"line":557,"column":59}}],"line":557},"29":{"loc":{"start":{"line":563,"column":4},"end":{"line":565,"column":null}},"type":"if","locations":[{"start":{"line":563,"column":4},"end":{"line":565,"column":null}},{"start":{},"end":{}}],"line":563},"30":{"loc":{"start":{"line":602,"column":22},"end":{"line":602,"column":null}},"type":"cond-expr","locations":[{"start":{"line":602,"column":66},"end":{"line":602,"column":84}},{"start":{"line":602,"column":84},"end":{"line":602,"column":null}}],"line":602},"31":{"loc":{"start":{"line":602,"column":22},"end":{"line":602,"column":66}},"type":"binary-expr","locations":[{"start":{"line":602,"column":22},"end":{"line":602,"column":41}},{"start":{"line":602,"column":41},"end":{"line":602,"column":66}}],"line":602},"32":{"loc":{"start":{"line":619,"column":20},"end":{"line":619,"column":null}},"type":"cond-expr","locations":[{"start":{"line":619,"column":38},"end":{"line":619,"column":42}},{"start":{"line":619,"column":42},"end":{"line":619,"column":null}}],"line":619}},"s":{"0":69,"1":69,"2":69,"3":69,"4":69,"5":69,"6":69,"7":69,"8":69,"9":69,"10":69,"11":65,"12":1,"13":2,"14":1,"15":1,"16":1,"17":1,"18":1,"19":1,"20":1,"21":1,"22":1,"23":0,"24":0,"25":0,"26":4,"27":4,"28":4,"29":4,"30":2,"31":2,"32":2,"33":2,"34":1,"35":2,"36":2,"37":2,"38":2,"39":4,"40":3,"41":3,"42":3,"43":3,"44":3,"45":3,"46":3,"47":3,"48":3,"49":1,"50":2,"51":2,"52":3,"53":3,"54":2,"55":3,"56":3,"57":7,"58":7,"59":9,"60":9,"61":4,"62":4,"63":2,"64":2,"65":2,"66":4,"67":12,"68":12,"69":73,"70":66,"71":0,"72":1,"73":1,"74":1,"75":2,"76":2,"77":2,"78":2,"79":2,"80":1,"81":1,"82":1,"83":1,"84":1,"85":1,"86":1,"87":0,"88":1,"89":1,"90":1,"91":8,"92":8,"93":0,"94":0,"95":0,"96":8,"97":8,"98":8,"99":7,"100":7,"101":1,"102":1,"103":6,"104":8,"105":1,"106":1,"107":7,"108":7,"109":6,"110":6,"111":1,"112":1,"113":1,"114":1,"115":0,"116":1,"117":2,"118":2,"119":1,"120":1,"121":1,"122":1,"123":1,"124":1,"125":1,"126":2,"127":2,"128":2,"129":1,"130":8,"131":8,"132":4,"133":0,"134":4,"135":6,"136":0,"137":4,"138":1,"139":3,"140":3,"141":1,"142":1,"143":1,"144":1,"145":1,"146":1,"147":7,"148":21,"149":7,"150":11,"151":11,"152":5,"153":2,"154":9,"155":1,"156":8,"157":8,"158":1,"159":8,"160":8,"161":8,"162":8,"163":4,"164":1,"165":1,"166":1,"167":8,"168":7,"169":5,"170":5,"171":5,"172":5},"f":{"0":69,"1":1,"2":2,"3":1,"4":0,"5":0,"6":4,"7":4,"8":2,"9":2,"10":3,"11":3,"12":3,"13":3,"14":7,"15":2,"16":12,"17":73,"18":66,"19":0,"20":1,"21":2,"22":2,"23":0,"24":1,"25":0,"26":0,"27":8,"28":7,"29":0,"30":8,"31":0,"32":0,"33":1,"34":1,"35":2,"36":8,"37":4,"38":0,"39":6,"40":0,"41":4,"42":3,"43":1,"44":1,"45":1,"46":1,"47":1,"48":1,"49":7,"50":21,"51":9,"52":8,"53":4,"54":1,"55":1,"56":1,"57":7,"58":5},"b":{"0":[66,3],"1":[69,3],"2":[66,3],"3":[65,4],"4":[1,1],"5":[1,0],"6":[1,0],"7":[1,1],"8":[1,2],"9":[2,2],"10":[4,0],"11":[12,9,8],"12":[73,69],"13":[1,0],"14":[2,2],"15":[1,0],"16":[0,8],"17":[1,6],"18":[1,7],"19":[0,1],"20":[1,1],"21":[1],"22":[1],"23":[1,7],"24":[8,0],"25":[1,3],"26":[5,6],"27":[1,8],"28":[9,9],"29":[1,7],"30":[1,6],"31":[7,2],"32":[2,3]},"meta":{"lastBranch":33,"lastFunction":59,"lastStatement":173,"seen":{"s:37:38:37:Infinity":0,"s:46:44:46:Infinity":1,"s:55:54:55:Infinity":2,"f:103:2:103:Infinity":0,"s:108:4:108:Infinity":3,"s:109:4:109:Infinity":4,"s:110:4:110:Infinity":5,"s:111:4:111:Infinity":6,"b:111:57:111:80:111:80:111:Infinity":0,"s:112:4:112:Infinity":7,"b:112:20:112:40:112:40:112:Infinity":1,"s:113:4:113:Infinity":8,"b:113:63:113:89:113:89:113:Infinity":2,"s:114:4:114:Infinity":9,"b:116:4:118:Infinity:undefined:undefined:undefined:undefined":3,"s:116:4:118:Infinity":10,"s:117:6:117:Infinity":11,"f:125:6:125:24":1,"s:126:4:126:Infinity":12,"f:134:2:134:35":2,"b:135:4:135:Infinity:undefined:undefined:undefined:undefined":4,"s:135:4:135:Infinity":13,"s:135:35:135:Infinity":14,"s:136:4:136:Infinity":15,"b:136:12:136:70:136:70:136:Infinity":5,"f:143:8:143:34":3,"s:144:4:144:Infinity":16,"s:145:4:145:Infinity":17,"s:146:4:146:Infinity":18,"f:146:37:146:43":4,"s:147:23:147:Infinity":19,"s:148:4:148:Infinity":20,"b:150:4:152:Infinity:undefined:undefined:undefined:undefined":6,"s:150:4:152:Infinity":21,"s:151:6:151:Infinity":22,"f:158:8:158:32":5,"s:159:4:159:Infinity":23,"s:160:4:160:Infinity":24,"s:161:4:161:Infinity":25,"f:169:8:169:Infinity":6,"s:172:10:172:Infinity":26,"s:174:4:198:Infinity":27,"f:174:22:174:34":7,"s:175:32:175:Infinity":28,"s:177:18:195:Infinity":29,"f:177:18:177:30":8,"s:178:34:187:Infinity":30,"f:178:34:178:46":9,"s:179:10:179:Infinity":31,"s:180:10:180:Infinity":32,"s:182:23:184:Infinity":33,"b:183:14:183:Infinity:184:14:184:Infinity":7,"s:186:10:186:Infinity":34,"s:189:8:194:Infinity":35,"s:190:23:190:Infinity":36,"s:191:10:191:Infinity":37,"s:193:10:193:Infinity":38,"s:197:6:197:Infinity":39,"f:206:8:206:Infinity":10,"s:209:10:209:Infinity":40,"s:211:4:235:Infinity":41,"f:211:22:211:34":11,"s:212:32:212:Infinity":42,"s:214:18:232:Infinity":43,"f:214:18:214:30":12,"s:215:34:224:Infinity":44,"f:215:34:215:46":13,"s:216:10:216:Infinity":45,"s:217:10:217:Infinity":46,"s:219:26:219:Infinity":47,"b:220:10:220:Infinity:undefined:undefined:undefined:undefined":8,"s:220:10:220:Infinity":48,"s:220:24:220:Infinity":49,"s:222:23:222:Infinity":50,"s:223:10:223:Infinity":51,"s:226:8:231:Infinity":52,"s:227:23:227:Infinity":53,"s:228:10:228:Infinity":54,"s:230:10:230:Infinity":55,"s:234:6:234:Infinity":56,"f:245:16:245:Infinity":14,"s:252:4:263:Infinity":57,"s:252:23:252:26":58,"s:253:6:262:Infinity":59,"s:254:8:254:Infinity":60,"s:256:8:256:Infinity":61,"b:257:8:261:Infinity:undefined:undefined:undefined:undefined":9,"s:257:8:261:Infinity":62,"s:258:10:258:Infinity":63,"s:260:10:260:Infinity":64,"f:260:28:260:39":15,"s:260:39:260:107":65,"s:265:4:265:Infinity":66,"b:265:61:265:83:265:83:265:89":10,"f:273:10:273:28":16,"s:274:70:277:Infinity":67,"s:278:4:278:Infinity":68,"b:278:11:278:45:278:45:278:90:278:90:278:Infinity":11,"f:284:10:284:43":17,"s:285:4:285:Infinity":69,"b:285:11:285:40:285:40:285:Infinity":12,"f:292:10:292:34":18,"s:293:4:293:Infinity":70,"f:293:38:293:44":19,"s:293:44:293:67":71,"f:299:10:299:33":20,"b:300:4:303:Infinity:undefined:undefined:undefined:undefined":13,"s:300:4:303:Infinity":72,"s:301:6:301:Infinity":73,"s:302:6:302:Infinity":74,"f:309:16:309:49":21,"s:310:16:310:Infinity":75,"s:311:25:314:Infinity":76,"f:311:46:311:54":22,"s:312:23:312:Infinity":77,"s:313:6:313:Infinity":78,"b:313:13:313:25:313:25:313:Infinity":14,"s:316:4:321:Infinity":79,"s:317:20:317:Infinity":80,"b:318:6:318:Infinity:undefined:undefined:undefined:undefined":15,"s:318:6:318:Infinity":81,"s:318:22:318:Infinity":82,"s:319:6:319:Infinity":83,"s:320:6:320:Infinity":84,"f:320:31:320:37":23,"f:327:16:327:48":24,"s:328:21:328:Infinity":85,"s:329:4:329:Infinity":86,"f:329:35:329:43":25,"s:329:43:329:72":87,"f:329:62:329:68":26,"s:330:4:330:Infinity":88,"s:331:4:331:Infinity":89,"s:332:4:332:Infinity":90,"f:338:16:338:46":27,"s:339:17:339:Infinity":91,"b:340:4:344:Infinity:undefined:undefined:undefined:undefined":16,"s:340:4:344:Infinity":92,"s:341:6:341:Infinity":93,"s:342:6:342:Infinity":94,"s:343:6:343:Infinity":95,"s:346:20:346:Infinity":96,"s:347:4:347:Infinity":97,"s:348:4:348:Infinity":98,"f:355:16:355:29":28,"s:356:4:356:Infinity":99,"b:358:4:361:Infinity:undefined:undefined:undefined:undefined":17,"s:358:4:361:Infinity":100,"s:359:6:359:Infinity":101,"f:359:31:359:37":29,"s:360:6:360:Infinity":102,"s:363:4:363:Infinity":103,"f:370:16:370:34":30,"b:371:4:374:Infinity:undefined:undefined:undefined:undefined":18,"s:371:4:374:Infinity":104,"s:372:6:372:Infinity":105,"f:372:31:372:37":31,"s:373:6:373:Infinity":106,"s:376:4:382:Infinity":107,"s:377:6:377:Infinity":108,"s:378:6:378:Infinity":109,"s:379:6:379:Infinity":110,"s:381:6:381:Infinity":111,"f:381:31:381:37":32,"f:391:16:391:Infinity":33,"s:395:4:395:Infinity":112,"f:404:16:404:Infinity":34,"s:408:20:408:Infinity":113,"b:409:4:409:Infinity:undefined:undefined:undefined:undefined":19,"s:409:4:409:Infinity":114,"s:409:18:409:Infinity":115,"s:410:4:410:Infinity":116,"f:419:16:419:Infinity":35,"s:423:16:423:Infinity":117,"b:424:4:424:Infinity:undefined:undefined:undefined:undefined":20,"s:424:4:424:Infinity":118,"s:424:14:424:Infinity":119,"s:426:65:426:Infinity":120,"b:426:30:426:36":21,"b:426:56:426:61":22,"s:427:27:427:Infinity":121,"s:428:23:428:Infinity":122,"s:429:42:429:Infinity":123,"s:431:4:438:Infinity":124,"s:431:25:431:28":125,"s:432:28:432:Infinity":126,"s:433:18:436:Infinity":127,"s:437:6:437:Infinity":128,"s:440:4:440:Infinity":129,"f:448:10:448:29":36,"s:449:10:449:Infinity":130,"b:449:56:449:82:449:82:449:Infinity":23,"s:450:4:453:Infinity":131,"b:451:29:451:39:451:39:451:Infinity":24,"f:461:16:461:30":37,"s:462:19:462:Infinity":132,"f:462:48:462:54":38,"s:462:54:462:58":133,"s:463:4:463:Infinity":134,"f:473:16:473:Infinity":39,"s:479:4:479:Infinity":135,"f:479:25:479:31":40,"s:479:31:479:63":136,"f:485:16:485:31":41,"b:486:4:486:Infinity:undefined:undefined:undefined:undefined":25,"s:486:4:486:Infinity":137,"s:486:50:486:Infinity":138,"s:487:4:492:Infinity":139,"f:489:6:489:12":42,"s:489:12:489:Infinity":140,"f:498:16:498:31":43,"s:499:4:504:Infinity":141,"f:501:6:501:12":44,"s:501:12:501:Infinity":142,"f:510:16:510:30":45,"s:511:4:516:Infinity":143,"f:513:6:513:12":46,"s:513:12:513:Infinity":144,"f:522:16:522:31":47,"s:523:4:528:Infinity":145,"f:525:6:525:12":48,"s:525:12:525:Infinity":146,"f:537:16:537:29":49,"s:538:22:538:Infinity":147,"f:538:62:538:63":50,"s:538:82:538:103":148,"s:540:4:543:Infinity":149,"s:541:22:541:Infinity":150,"b:542:6:542:Infinity:undefined:undefined:undefined:undefined":26,"s:542:6:542:Infinity":151,"s:542:19:542:Infinity":152,"s:545:4:545:Infinity":153,"f:554:16:554:Infinity":51,"b:557:4:559:Infinity:undefined:undefined:undefined:undefined":27,"s:557:4:559:Infinity":154,"b:557:8:557:25:557:25:557:59":28,"s:558:6:558:Infinity":155,"s:561:17:561:Infinity":156,"b:563:4:565:Infinity:undefined:undefined:undefined:undefined":29,"s:563:4:565:Infinity":157,"s:564:6:564:Infinity":158,"s:567:27:567:Infinity":159,"s:568:4:568:Infinity":160,"s:570:4:570:Infinity":161,"f:579:16:579:Infinity":52,"s:584:20:589:Infinity":162,"f:585:44:585:51":53,"s:585:51:585:89":163,"f:586:44:586:51":54,"s:586:51:586:89":164,"f:587:43:587:50":55,"s:587:50:587:87":165,"f:588:44:588:51":56,"s:588:51:588:89":166,"s:591:4:591:Infinity":167,"f:599:10:599:Infinity":57,"s:602:4:602:Infinity":168,"b:602:66:602:84:602:84:602:Infinity":30,"b:602:22:602:41:602:41:602:66":31,"f:612:10:612:Infinity":58,"s:617:18:617:Infinity":169,"s:618:23:618:Infinity":170,"s:619:20:619:Infinity":171,"b:619:38:619:42:619:42:619:Infinity":32,"s:621:4:624:Infinity":172}}}
,"D:\\Github\\snapka\\packages\\puppeteer\\src\\index.ts": {"path":"D:\\Github\\snapka\\packages\\puppeteer\\src\\index.ts","statementMap":{"0":{"start":{"line":7,"column":28},"end":{"line":7,"column":null}},"1":{"start":{"line":9,"column":22},"end":{"line":71,"column":null}},"2":{"start":{"line":20,"column":21},"end":{"line":20,"column":null}},"3":{"start":{"line":21,"column":27},"end":{"line":21,"column":null}},"4":{"start":{"line":22,"column":4},"end":{"line":24,"column":null}},"5":{"start":{"line":23,"column":6},"end":{"line":23,"column":null}},"6":{"start":{"line":26,"column":4},"end":{"line":26,"column":null}},"7":{"start":{"line":27,"column":21},"end":{"line":27,"column":null}},"8":{"start":{"line":28,"column":20},"end":{"line":28,"column":null}},"9":{"start":{"line":29,"column":4},"end":{"line":29,"column":null}},"10":{"start":{"line":32,"column":22},"end":{"line":42,"column":null}},"11":{"start":{"line":33,"column":25},"end":{"line":33,"column":null}},"12":{"start":{"line":35,"column":20},"end":{"line":35,"column":null}},"13":{"start":{"line":36,"column":6},"end":{"line":40,"column":null}},"14":{"start":{"line":37,"column":8},"end":{"line":37,"column":null}},"15":{"start":{"line":39,"column":8},"end":{"line":39,"column":null}},"16":{"start":{"line":41,"column":6},"end":{"line":41,"column":null}},"17":{"start":{"line":44,"column":4},"end":{"line":44,"column":null}},"18":{"start":{"line":52,"column":23},"end":{"line":52,"column":null}},"19":{"start":{"line":53,"column":20},"end":{"line":53,"column":null}},"20":{"start":{"line":54,"column":4},"end":{"line":54,"column":null}},"21":{"start":{"line":57,"column":22},"end":{"line":67,"column":null}},"22":{"start":{"line":58,"column":25},"end":{"line":58,"column":null}},"23":{"start":{"line":60,"column":20},"end":{"line":60,"column":null}},"24":{"start":{"line":61,"column":6},"end":{"line":65,"column":null}},"25":{"start":{"line":62,"column":8},"end":{"line":62,"column":null}},"26":{"start":{"line":64,"column":8},"end":{"line":64,"column":null}},"27":{"start":{"line":66,"column":6},"end":{"line":66,"column":null}},"28":{"start":{"line":69,"column":4},"end":{"line":69,"column":null}}},"fnMap":{"0":{"name":"(anonymous_0)","decl":{"start":{"line":19,"column":10},"end":{"line":19,"column":17}},"loc":{"start":{"line":19,"column":53},"end":{"line":45,"column":null}},"line":19},"1":{"name":"(anonymous_1)","decl":{"start":{"line":32,"column":22},"end":{"line":32,"column":34}},"loc":{"start":{"line":32,"column":34},"end":{"line":42,"column":null}},"line":32},"2":{"name":"(anonymous_2)","decl":{"start":{"line":51,"column":11},"end":{"line":51,"column":18}},"loc":{"start":{"line":51,"column":55},"end":{"line":70,"column":null}},"line":51},"3":{"name":"(anonymous_3)","decl":{"start":{"line":57,"column":22},"end":{"line":57,"column":34}},"loc":{"start":{"line":57,"column":34},"end":{"line":67,"column":null}},"line":57}},"branchMap":{"0":{"loc":{"start":{"line":22,"column":4},"end":{"line":24,"column":null}},"type":"if","locations":[{"start":{"line":22,"column":4},"end":{"line":24,"column":null}},{"start":{},"end":{}}],"line":22},"1":{"loc":{"start":{"line":27,"column":21},"end":{"line":27,"column":null}},"type":"cond-expr","locations":[{"start":{"line":27,"column":52},"end":{"line":27,"column":62}},{"start":{"line":27,"column":62},"end":{"line":27,"column":null}}],"line":27},"2":{"loc":{"start":{"line":36,"column":6},"end":{"line":40,"column":null}},"type":"if","locations":[{"start":{"line":36,"column":6},"end":{"line":40,"column":null}},{"start":{"line":38,"column":13},"end":{"line":40,"column":null}}],"line":36},"3":{"loc":{"start":{"line":52,"column":23},"end":{"line":52,"column":null}},"type":"binary-expr","locations":[{"start":{"line":52,"column":23},"end":{"line":52,"column":42}},{"start":{"line":52,"column":42},"end":{"line":52,"column":null}}],"line":52},"4":{"loc":{"start":{"line":61,"column":6},"end":{"line":65,"column":null}},"type":"if","locations":[{"start":{"line":61,"column":6},"end":{"line":65,"column":null}},{"start":{"line":63,"column":13},"end":{"line":65,"column":null}}],"line":61}},"s":{"0":1,"1":1,"2":6,"3":6,"4":6,"5":1,"6":5,"7":5,"8":6,"9":5,"10":5,"11":2,"12":2,"13":2,"14":1,"15":1,"16":2,"17":5,"18":3,"19":3,"20":3,"21":3,"22":1,"23":1,"24":1,"25":1,"26":0,"27":1,"28":3},"f":{"0":6,"1":2,"2":3,"3":1},"b":{"0":[1,5],"1":[1,4],"2":[1,1],"3":[3,2],"4":[1,0]},"meta":{"lastBranch":5,"lastFunction":4,"lastStatement":29,"seen":{"s:7:28:7:Infinity":0,"s:9:22:71:Infinity":1,"f:19:10:19:17":0,"s:20:21:20:Infinity":2,"s:21:27:21:Infinity":3,"b:22:4:24:Infinity:undefined:undefined:undefined:undefined":0,"s:22:4:24:Infinity":4,"s:23:6:23:Infinity":5,"s:26:4:26:Infinity":6,"s:27:21:27:Infinity":7,"b:27:52:27:62:27:62:27:Infinity":1,"s:28:20:28:Infinity":8,"s:29:4:29:Infinity":9,"s:32:22:42:Infinity":10,"f:32:22:32:34":1,"s:33:25:33:Infinity":11,"s:35:20:35:Infinity":12,"b:36:6:40:Infinity:38:13:40:Infinity":2,"s:36:6:40:Infinity":13,"s:37:8:37:Infinity":14,"s:39:8:39:Infinity":15,"s:41:6:41:Infinity":16,"s:44:4:44:Infinity":17,"f:51:11:51:18":2,"s:52:23:52:Infinity":18,"b:52:23:52:42:52:42:52:Infinity":3,"s:53:20:53:Infinity":19,"s:54:4:54:Infinity":20,"s:57:22:67:Infinity":21,"f:57:22:57:34":3,"s:58:25:58:Infinity":22,"s:60:20:60:Infinity":23,"b:61:6:65:Infinity:63:13:65:Infinity":4,"s:61:6:65:Infinity":24,"s:62:8:62:Infinity":25,"s:64:8:64:Infinity":26,"s:66:6:66:Infinity":27,"s:69:4:69:Infinity":28}}}
,"D:\\Github\\snapka\\packages\\puppeteer\\src\\launch.ts": {"path":"D:\\Github\\snapka\\packages\\puppeteer\\src\\launch.ts","statementMap":{"0":{"start":{"line":28,"column":23},"end":{"line":28,"column":null}},"1":{"start":{"line":29,"column":4},"end":{"line":29,"column":null}},"2":{"start":{"line":29,"column":20},"end":{"line":29,"column":null}},"3":{"start":{"line":31,"column":24},"end":{"line":31,"column":null}},"4":{"start":{"line":32,"column":4},"end":{"line":35,"column":null}},"5":{"start":{"line":33,"column":24},"end":{"line":33,"column":null}},"6":{"start":{"line":34,"column":6},"end":{"line":34,"column":null}},"7":{"start":{"line":34,"column":21},"end":{"line":34,"column":null}},"8":{"start":{"line":37,"column":4},"end":{"line":39,"column":null}},"9":{"start":{"line":38,"column":6},"end":{"line":38,"column":null}},"10":{"start":{"line":41,"column":4},"end":{"line":41,"column":null}},"11":{"start":{"line":52,"column":4},"end":{"line":52,"column":null}},"12":{"start":{"line":52,"column":15},"end":{"line":52,"column":null}},"13":{"start":{"line":54,"column":4},"end":{"line":56,"column":null}},"14":{"start":{"line":55,"column":6},"end":{"line":55,"column":null}},"15":{"start":{"line":58,"column":4},"end":{"line":60,"column":null}},"16":{"start":{"line":59,"column":6},"end":{"line":59,"column":null}},"17":{"start":{"line":62,"column":4},"end":{"line":62,"column":null}},"18":{"start":{"line":71,"column":4},"end":{"line":79,"column":null}},"19":{"start":{"line":72,"column":25},"end":{"line":77,"column":null}},"20":{"start":{"line":78,"column":6},"end":{"line":78,"column":null}},"21":{"start":{"line":78,"column":22},"end":{"line":78,"column":null}},"22":{"start":{"line":81,"column":4},"end":{"line":87,"column":null}},"23":{"start":{"line":96,"column":4},"end":{"line":100,"column":null}},"24":{"start":{"line":97,"column":18},"end":{"line":97,"column":null}},"25":{"start":{"line":98,"column":19},"end":{"line":98,"column":null}},"26":{"start":{"line":99,"column":6},"end":{"line":99,"column":null}},"27":{"start":{"line":99,"column":16},"end":{"line":99,"column":null}},"28":{"start":{"line":101,"column":4},"end":{"line":101,"column":null}},"29":{"start":{"line":111,"column":10},"end":{"line":111,"column":null}},"30":{"start":{"line":112,"column":4},"end":{"line":114,"column":null}},"31":{"start":{"line":113,"column":6},"end":{"line":113,"column":null}},"32":{"start":{"line":116,"column":20},"end":{"line":116,"column":null}},"33":{"start":{"line":117,"column":16},"end":{"line":117,"column":null}},"34":{"start":{"line":118,"column":20},"end":{"line":118,"column":null}},"35":{"start":{"line":120,"column":20},"end":{"line":120,"column":null}},"36":{"start":{"line":121,"column":4},"end":{"line":121,"column":null}},"37":{"start":{"line":123,"column":20},"end":{"line":123,"column":null}},"38":{"start":{"line":124,"column":31},"end":{"line":131,"column":null}},"39":{"start":{"line":133,"column":4},"end":{"line":133,"column":null}},"40":{"start":{"line":143,"column":22},"end":{"line":143,"column":null}},"41":{"start":{"line":145,"column":4},"end":{"line":147,"column":null}},"42":{"start":{"line":146,"column":6},"end":{"line":146,"column":null}},"43":{"start":{"line":149,"column":4},"end":{"line":149,"column":null}},"44":{"start":{"line":159,"column":4},"end":{"line":161,"column":null}},"45":{"start":{"line":160,"column":6},"end":{"line":160,"column":null}},"46":{"start":{"line":162,"column":21},"end":{"line":170,"column":null}},"47":{"start":{"line":172,"column":4},"end":{"line":172,"column":null}}},"fnMap":{"0":{"name":"(anonymous_0)","decl":{"start":{"line":27,"column":8},"end":{"line":27,"column":17}},"loc":{"start":{"line":27,"column":75},"end":{"line":42,"column":null}},"line":27},"1":{"name":"(anonymous_1)","decl":{"start":{"line":51,"column":10},"end":{"line":51,"column":24}},"loc":{"start":{"line":51,"column":64},"end":{"line":63,"column":null}},"line":51},"2":{"name":"(anonymous_2)","decl":{"start":{"line":70,"column":16},"end":{"line":70,"column":22}},"loc":{"start":{"line":70,"column":63},"end":{"line":88,"column":null}},"line":70},"3":{"name":"(anonymous_3)","decl":{"start":{"line":95,"column":16},"end":{"line":95,"column":28}},"loc":{"start":{"line":95,"column":101},"end":{"line":102,"column":null}},"line":95},"4":{"name":"(anonymous_4)","decl":{"start":{"line":110,"column":16},"end":{"line":110,"column":26}},"loc":{"start":{"line":110,"column":88},"end":{"line":134,"column":null}},"line":110},"5":{"name":"(anonymous_5)","decl":{"start":{"line":142,"column":10},"end":{"line":142,"column":26}},"loc":{"start":{"line":142,"column":93},"end":{"line":150,"column":null}},"line":142},"6":{"name":"(anonymous_6)","decl":{"start":{"line":158,"column":16},"end":{"line":158,"column":28}},"loc":{"start":{"line":158,"column":76},"end":{"line":173,"column":null}},"line":158}},"branchMap":{"0":{"loc":{"start":{"line":29,"column":4},"end":{"line":29,"column":null}},"type":"if","locations":[{"start":{"line":29,"column":4},"end":{"line":29,"column":null}},{"start":{},"end":{}}],"line":29},"1":{"loc":{"start":{"line":31,"column":24},"end":{"line":31,"column":null}},"type":"binary-expr","locations":[{"start":{"line":31,"column":24},"end":{"line":31,"column":48}},{"start":{"line":31,"column":48},"end":{"line":31,"column":null}}],"line":31},"2":{"loc":{"start":{"line":32,"column":4},"end":{"line":35,"column":null}},"type":"if","locations":[{"start":{"line":32,"column":4},"end":{"line":35,"column":null}},{"start":{},"end":{}}],"line":32},"3":{"loc":{"start":{"line":34,"column":6},"end":{"line":34,"column":null}},"type":"if","locations":[{"start":{"line":34,"column":6},"end":{"line":34,"column":null}},{"start":{},"end":{}}],"line":34},"4":{"loc":{"start":{"line":37,"column":4},"end":{"line":39,"column":null}},"type":"if","locations":[{"start":{"line":37,"column":4},"end":{"line":39,"column":null}},{"start":{},"end":{}}],"line":37},"5":{"loc":{"start":{"line":52,"column":4},"end":{"line":52,"column":null}},"type":"if","locations":[{"start":{"line":52,"column":4},"end":{"line":52,"column":null}},{"start":{},"end":{}}],"line":52},"6":{"loc":{"start":{"line":54,"column":4},"end":{"line":56,"column":null}},"type":"if","locations":[{"start":{"line":54,"column":4},"end":{"line":56,"column":null}},{"start":{},"end":{}}],"line":54},"7":{"loc":{"start":{"line":58,"column":4},"end":{"line":60,"column":null}},"type":"if","locations":[{"start":{"line":58,"column":4},"end":{"line":60,"column":null}},{"start":{},"end":{}}],"line":58},"8":{"loc":{"start":{"line":71,"column":4},"end":{"line":79,"column":null}},"type":"if","locations":[{"start":{"line":71,"column":4},"end":{"line":79,"column":null}},{"start":{},"end":{}}],"line":71},"9":{"loc":{"start":{"line":71,"column":8},"end":{"line":71,"column":47}},"type":"binary-expr","locations":[{"start":{"line":71,"column":8},"end":{"line":71,"column":40}},{"start":{"line":71,"column":40},"end":{"line":71,"column":47}}],"line":71},"10":{"loc":{"start":{"line":78,"column":6},"end":{"line":78,"column":null}},"type":"if","locations":[{"start":{"line":78,"column":6},"end":{"line":78,"column":null}},{"start":{},"end":{}}],"line":78},"11":{"loc":{"start":{"line":98,"column":19},"end":{"line":98,"column":null}},"type":"cond-expr","locations":[{"start":{"line":98,"column":32},"end":{"line":98,"column":65}},{"start":{"line":98,"column":65},"end":{"line":98,"column":null}}],"line":98},"12":{"loc":{"start":{"line":98,"column":32},"end":{"line":98,"column":65}},"type":"binary-expr","locations":[{"start":{"line":98,"column":32},"end":{"line":98,"column":58}},{"start":{"line":98,"column":58},"end":{"line":98,"column":65}}],"line":98},"13":{"loc":{"start":{"line":99,"column":6},"end":{"line":99,"column":null}},"type":"if","locations":[{"start":{"line":99,"column":6},"end":{"line":99,"column":null}},{"start":{},"end":{}}],"line":99},"14":{"loc":{"start":{"line":112,"column":4},"end":{"line":114,"column":null}},"type":"if","locations":[{"start":{"line":112,"column":4},"end":{"line":114,"column":null}},{"start":{},"end":{}}],"line":112},"15":{"loc":{"start":{"line":116,"column":20},"end":{"line":116,"column":null}},"type":"binary-expr","locations":[{"start":{"line":116,"column":20},"end":{"line":116,"column":30}},{"start":{"line":116,"column":30},"end":{"line":116,"column":null}}],"line":116},"16":{"loc":{"start":{"line":117,"column":16},"end":{"line":117,"column":null}},"type":"binary-expr","locations":[{"start":{"line":117,"column":16},"end":{"line":117,"column":35}},{"start":{"line":117,"column":35},"end":{"line":117,"column":null}}],"line":117},"17":{"loc":{"start":{"line":128,"column":16},"end":{"line":128,"column":null}},"type":"binary-expr","locations":[{"start":{"line":128,"column":16},"end":{"line":128,"column":31}},{"start":{"line":128,"column":31},"end":{"line":128,"column":null}}],"line":128},"18":{"loc":{"start":{"line":143,"column":22},"end":{"line":143,"column":null}},"type":"binary-expr","locations":[{"start":{"line":143,"column":22},"end":{"line":143,"column":34}},{"start":{"line":143,"column":34},"end":{"line":143,"column":null}}],"line":143},"19":{"loc":{"start":{"line":143,"column":34},"end":{"line":143,"column":null}},"type":"cond-expr","locations":[{"start":{"line":143,"column":65},"end":{"line":143,"column":78}},{"start":{"line":143,"column":78},"end":{"line":143,"column":null}}],"line":143},"20":{"loc":{"start":{"line":145,"column":4},"end":{"line":147,"column":null}},"type":"if","locations":[{"start":{"line":145,"column":4},"end":{"line":147,"column":null}},{"start":{},"end":{}}],"line":145},"21":{"loc":{"start":{"line":159,"column":4},"end":{"line":161,"column":null}},"type":"if","locations":[{"start":{"line":159,"column":4},"end":{"line":161,"column":null}},{"start":{},"end":{}}],"line":159},"22":{"loc":{"start":{"line":162,"column":21},"end":{"line":170,"column":null}},"type":"cond-expr","locations":[{"start":{"line":163,"column":8},"end":{"line":166,"column":null}},{"start":{"line":167,"column":8},"end":{"line":170,"column":null}}],"line":162}},"s":{"0":6,"1":6,"2":1,"3":3,"4":6,"5":2,"6":2,"7":1,"8":2,"9":1,"10":1,"11":12,"12":5,"13":7,"14":3,"15":4,"16":2,"17":2,"18":5,"19":1,"20":1,"21":1,"22":4,"23":7,"24":16,"25":16,"26":16,"27":4,"28":3,"29":3,"30":3,"31":1,"32":2,"33":3,"34":3,"35":3,"36":2,"37":2,"38":2,"39":2,"40":8,"41":8,"42":1,"43":7,"44":5,"45":1,"46":4,"47":5},"f":{"0":6,"1":12,"2":5,"3":7,"4":3,"5":8,"6":5},"b":{"0":[1,5],"1":[3,1],"2":[2,4],"3":[1,1],"4":[1,1],"5":[5,7],"6":[3,4],"7":[2,2],"8":[1,4],"9":[5,4],"10":[1,0],"11":[4,12],"12":[4,0],"13":[4,12],"14":[1,2],"15":[2,1],"16":[3,2],"17":[2,2],"18":[8,4],"19":[3,1],"20":[1,7],"21":[1,4],"22":[3,1]},"meta":{"lastBranch":23,"lastFunction":7,"lastStatement":48,"seen":{"f:27:8:27:17":0,"s:28:23:28:Infinity":0,"b:29:4:29:Infinity:undefined:undefined:undefined:undefined":0,"s:29:4:29:Infinity":1,"s:29:20:29:Infinity":2,"s:31:24:31:Infinity":3,"b:31:24:31:48:31:48:31:Infinity":1,"b:32:4:35:Infinity:undefined:undefined:undefined:undefined":2,"s:32:4:35:Infinity":4,"s:33:24:33:Infinity":5,"b:34:6:34:Infinity:undefined:undefined:undefined:undefined":3,"s:34:6:34:Infinity":6,"s:34:21:34:Infinity":7,"b:37:4:39:Infinity:undefined:undefined:undefined:undefined":4,"s:37:4:39:Infinity":8,"s:38:6:38:Infinity":9,"s:41:4:41:Infinity":10,"f:51:10:51:24":1,"b:52:4:52:Infinity:undefined:undefined:undefined:undefined":5,"s:52:4:52:Infinity":11,"s:52:15:52:Infinity":12,"b:54:4:56:Infinity:undefined:undefined:undefined:undefined":6,"s:54:4:56:Infinity":13,"s:55:6:55:Infinity":14,"b:58:4:60:Infinity:undefined:undefined:undefined:undefined":7,"s:58:4:60:Infinity":15,"s:59:6:59:Infinity":16,"s:62:4:62:Infinity":17,"f:70:16:70:22":2,"b:71:4:79:Infinity:undefined:undefined:undefined:undefined":8,"s:71:4:79:Infinity":18,"b:71:8:71:40:71:40:71:47":9,"s:72:25:77:Infinity":19,"b:78:6:78:Infinity:undefined:undefined:undefined:undefined":10,"s:78:6:78:Infinity":20,"s:78:22:78:Infinity":21,"s:81:4:87:Infinity":22,"f:95:16:95:28":3,"s:96:4:100:Infinity":23,"s:97:18:97:Infinity":24,"s:98:19:98:Infinity":25,"b:98:32:98:65:98:65:98:Infinity":11,"b:98:32:98:58:98:58:98:65":12,"b:99:6:99:Infinity:undefined:undefined:undefined:undefined":13,"s:99:6:99:Infinity":26,"s:99:16:99:Infinity":27,"s:101:4:101:Infinity":28,"f:110:16:110:26":4,"s:111:10:111:Infinity":29,"b:112:4:114:Infinity:undefined:undefined:undefined:undefined":14,"s:112:4:114:Infinity":30,"s:113:6:113:Infinity":31,"s:116:20:116:Infinity":32,"b:116:20:116:30:116:30:116:Infinity":15,"s:117:16:117:Infinity":33,"b:117:16:117:35:117:35:117:Infinity":16,"s:118:20:118:Infinity":34,"s:120:20:120:Infinity":35,"s:121:4:121:Infinity":36,"s:123:20:123:Infinity":37,"s:124:31:131:Infinity":38,"b:128:16:128:31:128:31:128:Infinity":17,"s:133:4:133:Infinity":39,"f:142:10:142:26":5,"s:143:22:143:Infinity":40,"b:143:22:143:34:143:34:143:Infinity":18,"b:143:65:143:78:143:78:143:Infinity":19,"b:145:4:147:Infinity:undefined:undefined:undefined:undefined":20,"s:145:4:147:Infinity":41,"s:146:6:146:Infinity":42,"s:149:4:149:Infinity":43,"f:158:16:158:28":6,"b:159:4:161:Infinity:undefined:undefined:undefined:undefined":21,"s:159:4:161:Infinity":44,"s:160:6:160:Infinity":45,"s:162:21:170:Infinity":46,"b:163:8:166:Infinity:167:8:170:Infinity":22,"s:172:4:172:Infinity":47}}}
,"D:\\Github\\snapka\\packages\\puppeteer\\src\\puppeteer-core.ts": {"path":"D:\\Github\\snapka\\packages\\puppeteer\\src\\puppeteer-core.ts","statementMap":{},"fnMap":{},"branchMap":{},"s":{},"f":{},"b":{},"meta":{"lastBranch":0,"lastFunction":0,"lastStatement":0,"seen":{}}}
,"D:\\Github\\snapka\\packages\\puppeteer\\src\\snapka-browser-finder.ts": {"path":"D:\\Github\\snapka\\packages\\puppeteer\\src\\snapka-browser-finder.ts","statementMap":{},"fnMap":{},"branchMap":{},"s":{},"f":{},"b":{},"meta":{"lastBranch":0,"lastFunction":0,"lastStatement":0,"seen":{}}}
,"D:\\Github\\snapka\\packages\\puppeteer\\src\\util.ts": {"path":"D:\\Github\\snapka\\packages\\puppeteer\\src\\util.ts","statementMap":{"0":{"start":{"line":6,"column":24},"end":{"line":8,"column":null}},"1":{"start":{"line":7,"column":2},"end":{"line":7,"column":null}},"2":{"start":{"line":16,"column":24},"end":{"line":23,"column":null}},"3":{"start":{"line":17,"column":2},"end":{"line":17,"column":null}},"4":{"start":{"line":17,"column":12},"end":{"line":17,"column":null}},"5":{"start":{"line":18,"column":2},"end":{"line":20,"column":null}},"6":{"start":{"line":19,"column":4},"end":{"line":19,"column":null}},"7":{"start":{"line":19,"column":29},"end":{"line":19,"column":52}},"8":{"start":{"line":22,"column":2},"end":{"line":22,"column":null}},"9":{"start":{"line":30,"column":25},"end":{"line":32,"column":null}},"10":{"start":{"line":31,"column":2},"end":{"line":31,"column":null}}},"fnMap":{"0":{"name":"(anonymous_0)","decl":{"start":{"line":6,"column":24},"end":{"line":6,"column":25}},"loc":{"start":{"line":6,"column":61},"end":{"line":8,"column":null}},"line":6},"1":{"name":"(anonymous_1)","decl":{"start":{"line":16,"column":24},"end":{"line":16,"column":25}},"loc":{"start":{"line":16,"column":43},"end":{"line":23,"column":null}},"line":16},"2":{"name":"(anonymous_2)","decl":{"start":{"line":19,"column":22},"end":{"line":19,"column":29}},"loc":{"start":{"line":19,"column":29},"end":{"line":19,"column":52}},"line":19},"3":{"name":"(anonymous_3)","decl":{"start":{"line":30,"column":25},"end":{"line":30,"column":26}},"loc":{"start":{"line":30,"column":84},"end":{"line":32,"column":null}},"line":30}},"branchMap":{"0":{"loc":{"start":{"line":7,"column":9},"end":{"line":7,"column":null}},"type":"binary-expr","locations":[{"start":{"line":7,"column":9},"end":{"line":7,"column":38}},{"start":{"line":7,"column":38},"end":{"line":7,"column":null}}],"line":7},"1":{"loc":{"start":{"line":17,"column":2},"end":{"line":17,"column":null}},"type":"if","locations":[{"start":{"line":17,"column":2},"end":{"line":17,"column":null}},{"start":{},"end":{}}],"line":17},"2":{"loc":{"start":{"line":18,"column":2},"end":{"line":20,"column":null}},"type":"if","locations":[{"start":{"line":18,"column":2},"end":{"line":20,"column":null}},{"start":{},"end":{}}],"line":18},"3":{"loc":{"start":{"line":22,"column":9},"end":{"line":22,"column":null}},"type":"cond-expr","locations":[{"start":{"line":22,"column":35},"end":{"line":22,"column":43}},{"start":{"line":22,"column":43},"end":{"line":22,"column":null}}],"line":22},"4":{"loc":{"start":{"line":31,"column":9},"end":{"line":31,"column":null}},"type":"cond-expr","locations":[{"start":{"line":31,"column":27},"end":{"line":31,"column":47}},{"start":{"line":31,"column":47},"end":{"line":31,"column":null}}],"line":31}},"s":{"0":2,"1":177,"2":2,"3":41,"4":28,"5":13,"6":4,"7":11,"8":9,"9":2,"10":20},"f":{"0":177,"1":41,"2":11,"3":20},"b":{"0":[177,145],"1":[28,13],"2":[4,9],"3":[6,3],"4":[6,14]},"meta":{"lastBranch":5,"lastFunction":4,"lastStatement":11,"seen":{"s:6:24:8:Infinity":0,"f:6:24:6:25":0,"s:7:2:7:Infinity":1,"b:7:9:7:38:7:38:7:Infinity":0,"s:16:24:23:Infinity":2,"f:16:24:16:25":1,"b:17:2:17:Infinity:undefined:undefined:undefined:undefined":1,"s:17:2:17:Infinity":3,"s:17:12:17:Infinity":4,"b:18:2:20:Infinity:undefined:undefined:undefined:undefined":2,"s:18:2:20:Infinity":5,"s:19:4:19:Infinity":6,"f:19:22:19:29":2,"s:19:29:19:52":7,"s:22:2:22:Infinity":8,"b:22:35:22:43:22:43:22:Infinity":3,"s:30:25:32:Infinity":9,"f:30:25:30:26":3,"s:31:2:31:Infinity":10,"b:31:27:31:47:31:47:31:Infinity":4}}}
}
